2023-07-24 16:33:33,815 INFO  StartupInfoLogger:51 - [] Starting InfoApplicationTests using Java 17 with PID 20776 (started by Lenovo in D:\cm\samoneapp\samapiapp\info)
2023-07-24 16:33:33,826 INFO  SpringApplication:634 - [] No active profile set, falling back to 1 default profile: "default"
2023-07-24 16:33:35,139 INFO  RepositoryConfigurationDelegate:291 - [] Multiple Spring Data modules found, entering strict repository configuration mode
2023-07-24 16:33:35,142 INFO  RepositoryConfigurationDelegate:138 - [] Bootstrapping Spring Data JDBC repositories in DEFAULT mode.
2023-07-24 16:33:35,206 INFO  RepositoryConfigurationExtensionSupport:320 - [] Spring Data JDBC - Could not safely identify store assignment for repository candidate interface com.info.repository.Get_wdgwheelRepository; If you want this repository to be a JDBC repository, consider annotating your entities with one of these annotations: org.springframework.data.relational.core.mapping.Table.
2023-07-24 16:33:35,209 INFO  RepositoryConfigurationExtensionSupport:320 - [] Spring Data JDBC - Could not safely identify store assignment for repository candidate interface com.info.repository.StockPriceRepository; If you want this repository to be a JDBC repository, consider annotating your entities with one of these annotations: org.springframework.data.relational.core.mapping.Table.
2023-07-24 16:33:35,210 INFO  RepositoryConfigurationDelegate:208 - [] Finished Spring Data repository scanning in 60 ms. Found 0 JDBC repository interfaces.
2023-07-24 16:33:35,229 INFO  RepositoryConfigurationDelegate:291 - [] Multiple Spring Data modules found, entering strict repository configuration mode
2023-07-24 16:33:35,231 INFO  RepositoryConfigurationDelegate:138 - [] Bootstrapping Spring Data JPA repositories in DEFAULT mode.
2023-07-24 16:33:35,381 INFO  RepositoryConfigurationDelegate:208 - [] Finished Spring Data repository scanning in 143 ms. Found 2 JPA repository interfaces.
2023-07-24 16:33:36,142 INFO  LogHelper:31 - [] HHH000204: Processing PersistenceUnitInfo [name: default]
2023-07-24 16:33:36,236 INFO  Version:44 - [] HHH000412: Hibernate ORM core version 6.2.6.Final
2023-07-24 16:33:36,241 INFO  Environment:191 - [] HHH000406: Using bytecode reflection optimizer
2023-07-24 16:33:36,766 INFO  BytecodeProviderInitiator:53 - [] HHH000021: Bytecode provider name : bytebuddy
2023-07-24 16:33:37,093 INFO  SpringPersistenceUnitInfo:87 - [] No LoadTimeWeaver setup: ignoring JPA class transformer
2023-07-24 16:33:37,116 INFO  HikariDataSource:110 - [] HikariPool-1 - Starting...
2023-07-24 16:33:38,333 INFO  HikariPool:565 - [] HikariPool-1 - Added connection org.postgresql.jdbc.PgConnection@3bd08435
2023-07-24 16:33:38,337 INFO  HikariDataSource:123 - [] HikariPool-1 - Start completed.
2023-07-24 16:33:38,948 INFO  BytecodeProviderInitiator:53 - [] HHH000021: Bytecode provider name : bytebuddy
2023-07-24 16:33:40,165 INFO  JtaPlatformInitiator:51 - [] HHH000490: Using JtaPlatform implementation: [org.hibernate.engine.transaction.jta.platform.internal.NoJtaPlatform]
2023-07-24 16:33:40,170 INFO  AbstractEntityManagerFactoryBean:437 - [] Initialized JPA EntityManagerFactory for persistence unit 'default'
2023-07-24 16:33:40,778 INFO  QueryEnhancerFactory:47 - [] Hibernate is in classpath; If applicable, HQL parser will be used.
2023-07-24 16:33:41,212 WARN  JpaBaseConfiguration$JpaWebConfiguration:231 - [] spring.jpa.open-in-view is enabled by default. Therefore, database queries may be performed during view rendering. Explicitly configure spring.jpa.open-in-view to disable this warning
2023-07-24 16:33:41,864 INFO  StartupInfoLogger:57 - [] Started InfoApplicationTests in 8.697 seconds (process running for 11.172)
2023-07-24 16:33:43,302 INFO  AbstractEntityManagerFactoryBean:650 - [] Closing JPA EntityManagerFactory for persistence unit 'default'
2023-07-24 16:33:43,306 INFO  HikariDataSource:350 - [] HikariPool-1 - Shutdown initiated...
2023-07-24 16:33:43,318 INFO  HikariDataSource:352 - [] HikariPool-1 - Shutdown completed.
2023-07-24 16:35:52,821 INFO  StartupInfoLogger:51 - [] Starting InfoApplicationTests using Java 17.0.4.1 with PID 20892 (started by Lenovo in D:\cm\samoneapp\samapiapp\info)
2023-07-24 16:35:52,826 INFO  SpringApplication:634 - [] No active profile set, falling back to 1 default profile: "default"
2023-07-24 16:35:54,164 INFO  RepositoryConfigurationDelegate:291 - [] Multiple Spring Data modules found, entering strict repository configuration mode
2023-07-24 16:35:54,168 INFO  RepositoryConfigurationDelegate:138 - [] Bootstrapping Spring Data JDBC repositories in DEFAULT mode.
2023-07-24 16:35:54,224 INFO  RepositoryConfigurationExtensionSupport:320 - [] Spring Data JDBC - Could not safely identify store assignment for repository candidate interface com.info.repository.Get_wdgwheelRepository; If you want this repository to be a JDBC repository, consider annotating your entities with one of these annotations: org.springframework.data.relational.core.mapping.Table.
2023-07-24 16:35:54,226 INFO  RepositoryConfigurationExtensionSupport:320 - [] Spring Data JDBC - Could not safely identify store assignment for repository candidate interface com.info.repository.StockPriceRepository; If you want this repository to be a JDBC repository, consider annotating your entities with one of these annotations: org.springframework.data.relational.core.mapping.Table.
2023-07-24 16:35:54,227 INFO  RepositoryConfigurationDelegate:208 - [] Finished Spring Data repository scanning in 51 ms. Found 0 JDBC repository interfaces.
2023-07-24 16:35:54,244 INFO  RepositoryConfigurationDelegate:291 - [] Multiple Spring Data modules found, entering strict repository configuration mode
2023-07-24 16:35:54,246 INFO  RepositoryConfigurationDelegate:138 - [] Bootstrapping Spring Data JPA repositories in DEFAULT mode.
2023-07-24 16:35:54,304 INFO  RepositoryConfigurationDelegate:208 - [] Finished Spring Data repository scanning in 44 ms. Found 2 JPA repository interfaces.
2023-07-24 16:35:55,079 INFO  LogHelper:31 - [] HHH000204: Processing PersistenceUnitInfo [name: default]
2023-07-24 16:35:55,195 INFO  Version:44 - [] HHH000412: Hibernate ORM core version 6.2.6.Final
2023-07-24 16:35:55,199 INFO  Environment:191 - [] HHH000406: Using bytecode reflection optimizer
2023-07-24 16:35:55,601 INFO  BytecodeProviderInitiator:53 - [] HHH000021: Bytecode provider name : bytebuddy
2023-07-24 16:35:55,849 INFO  SpringPersistenceUnitInfo:87 - [] No LoadTimeWeaver setup: ignoring JPA class transformer
2023-07-24 16:35:55,880 INFO  HikariDataSource:110 - [] HikariPool-1 - Starting...
2023-07-24 16:35:56,488 INFO  HikariPool:565 - [] HikariPool-1 - Added connection org.postgresql.jdbc.PgConnection@2969a9a6
2023-07-24 16:35:56,492 INFO  HikariDataSource:123 - [] HikariPool-1 - Start completed.
2023-07-24 16:35:57,179 INFO  BytecodeProviderInitiator:53 - [] HHH000021: Bytecode provider name : bytebuddy
2023-07-24 16:35:58,470 INFO  JtaPlatformInitiator:51 - [] HHH000490: Using JtaPlatform implementation: [org.hibernate.engine.transaction.jta.platform.internal.NoJtaPlatform]
2023-07-24 16:35:58,476 INFO  AbstractEntityManagerFactoryBean:437 - [] Initialized JPA EntityManagerFactory for persistence unit 'default'
2023-07-24 16:35:59,172 INFO  QueryEnhancerFactory:47 - [] Hibernate is in classpath; If applicable, HQL parser will be used.
2023-07-24 16:35:59,560 WARN  JpaBaseConfiguration$JpaWebConfiguration:231 - [] spring.jpa.open-in-view is enabled by default. Therefore, database queries may be performed during view rendering. Explicitly configure spring.jpa.open-in-view to disable this warning
2023-07-24 16:36:00,298 INFO  StartupInfoLogger:57 - [] Started InfoApplicationTests in 8.06 seconds (process running for 11.247)
2023-07-24 16:36:01,610 INFO  AbstractEntityManagerFactoryBean:650 - [] Closing JPA EntityManagerFactory for persistence unit 'default'
2023-07-24 16:36:01,624 INFO  HikariDataSource:350 - [] HikariPool-1 - Shutdown initiated...
2023-07-24 16:36:01,653 INFO  HikariDataSource:352 - [] HikariPool-1 - Shutdown completed.
